PHP Warning:  PHP Startup: Unable to load dynamic library 'pdo_firebird' (tried: C:\tools\php81\ext\pdo_firebird (Não foi possível encontrar o módulo especificado), C:\tools\php81\ext\php_pdo_firebird.dll (Não foi possível encontrar o módulo especificado)) in Unknown on line 0
PHP Warning:  PHP Startup: Unable to load dynamic library 'pdo_oci' (tried: C:\tools\php81\ext\pdo_oci (Não foi possível encontrar o módulo especificado), C:\tools\php81\ext\php_pdo_oci.dll (Não foi possível encontrar o módulo especificado)) in Unknown on line 0
PHP Deprecated:  Return type of Illuminate\Container\Container::offsetExists($key) should either be compatible with ArrayAccess::offsetExists(mixed $offset): bool, or the #[\ReturnTypeWillChange] attribute should be used to temporarily suppress the notice in C:\Users\joaob\OneDrive\Desktop\sisgep-job-main\vendor\laravel\framework\src\Illuminate\Container\Container.php on line 1352
PHP Deprecated:  Return type of Illuminate\Container\Container::offsetGet($key) should either be compatible with ArrayAccess::offsetGet(mixed $offset): mixed, or the #[\ReturnTypeWillChange] attribute should be used to temporarily suppress the notice in C:\Users\joaob\OneDrive\Desktop\sisgep-job-main\vendor\laravel\framework\src\Illuminate\Container\Container.php on line 1363
PHP Deprecated:  Return type of Illuminate\Container\Container::offsetSet($key, $value) should either be compatible with ArrayAccess::offsetSet(mixed $offset, mixed $value): void, or the #[\ReturnTypeWillChange] attribute should be used to temporarily suppress the notice in C:\Users\joaob\OneDrive\Desktop\sisgep-job-main\vendor\laravel\framework\src\Illuminate\Container\Container.php on line 1375
PHP Deprecated:  Return type of Illuminate\Container\Container::offsetUnset($key) should either be compatible with ArrayAccess::offsetUnset(mixed $offset): void, or the #[\ReturnTypeWillChange] attribute should be used to temporarily suppress the notice in C:\Users\joaob\OneDrive\Desktop\sisgep-job-main\vendor\laravel\framework\src\Illuminate\Container\Container.php on line 1388
PHP Deprecated:  Return type of PhpOption\Some::getIterator() should either be compatible with IteratorAggregate::getIterator(): Traversable, or the #[\ReturnTypeWillChange] attribute should be used to temporarily suppress the notice in C:\Users\joaob\OneDrive\Desktop\sisgep-job-main\vendor\phpoption\phpoption\src\PhpOption\Some.php on line 152
PHP Deprecated:  Return type of PhpOption\None::getIterator() should either be compatible with IteratorAggregate::getIterator(): Traversable, or the #[\ReturnTypeWillChange] attribute should be used to temporarily suppress the notice in C:\Users\joaob\OneDrive\Desktop\sisgep-job-main\vendor\phpoption\phpoption\src\PhpOption\None.php on line 118
PHP Deprecated:  Return type of Illuminate\Config\Repository::offsetExists($key) should either be compatible with ArrayAccess::offsetExists(mixed $offset): bool, or the #[\ReturnTypeWillChange] attribute should be used to temporarily suppress the notice in C:\Users\joaob\OneDrive\Desktop\sisgep-job-main\vendor\laravel\framework\src\Illuminate\Config\Repository.php on line 141
PHP Deprecated:  Return type of Illuminate\Config\Repository::offsetGet($key) should either be compatible with ArrayAccess::offsetGet(mixed $offset): mixed, or the #[\ReturnTypeWillChange] attribute should be used to temporarily suppress the notice in C:\Users\joaob\OneDrive\Desktop\sisgep-job-main\vendor\laravel\framework\src\Illuminate\Config\Repository.php on line 152
PHP Deprecated:  Return type of Illuminate\Config\Repository::offsetSet($key, $value) should either be compatible with ArrayAccess::offsetSet(mixed $offset, mixed $value): void, or the #[\ReturnTypeWillChange] attribute should be used to temporarily suppress the notice in C:\Users\joaob\OneDrive\Desktop\sisgep-job-main\vendor\laravel\framework\src\Illuminate\Config\Repository.php on line 164
PHP Deprecated:  Return type of Illuminate\Config\Repository::offsetUnset($key) should either be compatible with ArrayAccess::offsetUnset(mixed $offset): void, or the #[\ReturnTypeWillChange] attribute should be used to temporarily suppress the notice in C:\Users\joaob\OneDrive\Desktop\sisgep-job-main\vendor\laravel\framework\src\Illuminate\Config\Repository.php on line 175
PHP Deprecated:  Return type of Symfony\Component\Finder\Finder::getIterator() should either be compatible with IteratorAggregate::getIterator(): Traversable, or the #[\ReturnTypeWillChange] attribute should be used to temporarily suppress the notice in C:\Users\joaob\OneDrive\Desktop\sisgep-job-main\vendor\symfony\finder\Finder.php on line 608
PHP Deprecated:  Return type of Symfony\Component\Finder\Finder::count() should either be compatible with Countable::count(): int, or the #[\ReturnTypeWillChange] attribute should be used to temporarily suppress the notice in C:\Users\joaob\OneDrive\Desktop\sisgep-job-main\vendor\symfony\finder\Finder.php on line 690
PHP Deprecated:  Return type of Symfony\Component\Finder\Iterator\FileTypeFilterIterator::accept() should either be compatible with FilterIterator::accept(): bool, or the #[\ReturnTypeWillChange] attribute should be used to temporarily suppress the notice in C:\Users\joaob\OneDrive\Desktop\sisgep-job-main\vendor\symfony\finder\Iterator\FileTypeFilterIterator.php on line 42
PHP Deprecated:  Return type of Symfony\Component\Finder\Iterator\RecursiveDirectoryIterator::getChildren() should either be compatible with RecursiveDirectoryIterator::getChildren(): RecursiveDirectoryIterator, or the #[\ReturnTypeWillChange] attribute should be used to temporarily suppress the notice in C:\Users\joaob\OneDrive\Desktop\sisgep-job-main\vendor\symfony\finder\Iterator\RecursiveDirectoryIterator.php on line 85
PHP Deprecated:  Return type of Symfony\Component\Finder\Iterator\RecursiveDirectoryIterator::rewind() should either be compatible with FilesystemIterator::rewind(): void, or the #[\ReturnTypeWillChange] attribute should be used to temporarily suppress the notice in C:\Users\joaob\OneDrive\Desktop\sisgep-job-main\vendor\symfony\finder\Iterator\RecursiveDirectoryIterator.php on line 113
PHP Deprecated:  Return type of Symfony\Component\Finder\Iterator\RecursiveDirectoryIterator::current() should either be compatible with FilesystemIterator::current(): SplFileInfo|FilesystemIterator|string, or the #[\ReturnTypeWillChange] attribute should be used to temporarily suppress the notice in C:\Users\joaob\OneDrive\Desktop\sisgep-job-main\vendor\symfony\finder\Iterator\RecursiveDirectoryIterator.php on line 61
PHP Deprecated:  Return type of Symfony\Component\Finder\Iterator\ExcludeDirectoryFilterIterator::accept() should either be compatible with FilterIterator::accept(): bool, or the #[\ReturnTypeWillChange] attribute should be used to temporarily suppress the notice in C:\Users\joaob\OneDrive\Desktop\sisgep-job-main\vendor\symfony\finder\Iterator\ExcludeDirectoryFilterIterator.php on line 55
PHP Deprecated:  Return type of Symfony\Component\Finder\Iterator\ExcludeDirectoryFilterIterator::hasChildren() should either be compatible with RecursiveIterator::hasChildren(): bool, or the #[\ReturnTypeWillChange] attribute should be used to temporarily suppress the notice in C:\Users\joaob\OneDrive\Desktop\sisgep-job-main\vendor\symfony\finder\Iterator\ExcludeDirectoryFilterIterator.php on line 74
PHP Deprecated:  Return type of Symfony\Component\Finder\Iterator\ExcludeDirectoryFilterIterator::getChildren() should either be compatible with RecursiveIterator::getChildren(): ?RecursiveIterator, or the #[\ReturnTypeWillChange] attribute should be used to temporarily suppress the notice in C:\Users\joaob\OneDrive\Desktop\sisgep-job-main\vendor\symfony\finder\Iterator\ExcludeDirectoryFilterIterator.php on line 79
PHP Deprecated:  Return type of Symfony\Component\Finder\Iterator\FilenameFilterIterator::accept() should either be compatible with FilterIterator::accept(): bool, or the #[\ReturnTypeWillChange] attribute should be used to temporarily suppress the notice in C:\Users\joaob\OneDrive\Desktop\sisgep-job-main\vendor\symfony\finder\Iterator\FilenameFilterIterator.php on line 28
PHP Deprecated:  Return type of Symfony\Component\Finder\Iterator\PathFilterIterator::accept() should either be compatible with FilterIterator::accept(): bool, or the #[\ReturnTypeWillChange] attribute should be used to temporarily suppress the notice in C:\Users\joaob\OneDrive\Desktop\sisgep-job-main\vendor\symfony\finder\Iterator\PathFilterIterator.php on line 27
PHP Fatal error:  During inheritance of ArrayAccess: Uncaught ErrorException: Return type of Illuminate\Support\Collection::offsetExists($key) should either be compatible with ArrayAccess::offsetExists(mixed $offset): bool, or the #[\ReturnTypeWillChange] attribute should be used to temporarily suppress the notice in C:\Users\joaob\OneDrive\Desktop\sisgep-job-main\vendor\laravel\framework\src\Illuminate\Collections\Collection.php:1411
Stack trace:
#0 C:\Users\joaob\OneDrive\Desktop\sisgep-job-main\vendor\laravel\framework\src\Illuminate\Collections\Collection.php(11): Illuminate\Foundation\Bootstrap\HandleExceptions->handleError(8192, 'Return type of ...', 'C:\\Users\\joaob\\...', 1411)
#1 C:\Users\joaob\OneDrive\Desktop\sisgep-job-main\vendor\composer\ClassLoader.php(576): include('C:\\Users\\joaob\\...')
#2 C:\Users\joaob\OneDrive\Desktop\sisgep-job-main\vendor\composer\ClassLoader.php(427): Composer\Autoload\{closure}('C:\\Users\\joaob\\...')
#3 C:\Users\joaob\OneDrive\Desktop\sisgep-job-main\vendor\laravel\framework\src\Illuminate\Collections\helpers.php(15): Composer\Autoload\ClassLoader->loadClass('Illuminate\\Supp...')
#4 C:\Users\joaob\OneDrive\Desktop\sisgep-job-main\vendor\laravel\framework\src\Illuminate\Foundation\PackageManifest.php(89): collect(Array)
#5 C:\Users\joaob\OneDrive\Desktop\sisgep-job-main\vendor\laravel\framework\src\Illuminate\Foundation\PackageManifest.php(78): Illuminate\Foundation\PackageManifest->config('aliases')
#6 C:\Users\joaob\OneDrive\Desktop\sisgep-job-main\vendor\laravel\framework\src\Illuminate\Foundation\Bootstrap\RegisterFacades.php(26): Illuminate\Foundation\PackageManifest->aliases()
#7 C:\Users\joaob\OneDrive\Desktop\sisgep-job-main\vendor\laravel\framework\src\Illuminate\Foundation\Application.php(237): Illuminate\Foundation\Bootstrap\RegisterFacades->bootstrap(Object(Illuminate\Foundation\Application))
#8 C:\Users\joaob\OneDrive\Desktop\sisgep-job-main\vendor\laravel\framework\src\Illuminate\Foundation\Console\Kernel.php(310): Illuminate\Foundation\Application->bootstrapWith(Array)
#9 C:\Users\joaob\OneDrive\Desktop\sisgep-job-main\vendor\laravel\framework\src\Illuminate\Foundation\Console\Kernel.php(127): Illuminate\Foundation\Console\Kernel->bootstrap()
#10 C:\Users\joaob\OneDrive\Desktop\sisgep-job-main\artisan(37): Illuminate\Foundation\Console\Kernel->handle(Object(Symfony\Component\Console\Input\ArgvInput), Object(Symfony\Component\Console\Output\ConsoleOutput))
#11 {main} in C:\Users\joaob\OneDrive\Desktop\sisgep-job-main\vendor\laravel\framework\src\Illuminate\Collections\Collection.php on line 11
PHP Fatal error:  Uncaught Error: Class "Illuminate\Support\Collection" not found in C:\Users\joaob\OneDrive\Desktop\sisgep-job-main\vendor\laravel\framework\src\Illuminate\Collections\helpers.php:15
Stack trace:
#0 C:\Users\joaob\OneDrive\Desktop\sisgep-job-main\vendor\laravel\framework\src\Illuminate\Support\Traits\ReflectsClosures.php(24): collect(Array)
#1 C:\Users\joaob\OneDrive\Desktop\sisgep-job-main\vendor\laravel\framework\src\Illuminate\Support\Traits\ReflectsClosures.php(43): Illuminate\Foundation\Exceptions\ReportableHandler->closureParameterTypes(Object(Closure))
#2 C:\Users\joaob\OneDrive\Desktop\sisgep-job-main\vendor\laravel\framework\src\Illuminate\Foundation\Exceptions\ReportableHandler.php(62): Illuminate\Foundation\Exceptions\ReportableHandler->firstClosureParameterType(Object(Closure))
#3 C:\Users\joaob\OneDrive\Desktop\sisgep-job-main\vendor\laravel\framework\src\Illuminate\Foundation\Exceptions\Handler.php(232): Illuminate\Foundation\Exceptions\ReportableHandler->handles(Object(Symfony\Component\ErrorHandler\Error\FatalError))
#4 C:\Users\joaob\OneDrive\Desktop\sisgep-job-main\vendor\laravel\framework\src\Illuminate\Foundation\Bootstrap\HandleExceptions.php(88): Illuminate\Foundation\Exceptions\Handler->report(Object(Symfony\Component\ErrorHandler\Error\FatalError))
#5 C:\Users\joaob\OneDrive\Desktop\sisgep-job-main\vendor\laravel\framework\src\Illuminate\Foundation\Bootstrap\HandleExceptions.php(130): Illuminate\Foundation\Bootstrap\HandleExceptions->handleException(Object(Symfony\Component\ErrorHandler\Error\FatalError))
#6 [internal function]: Illuminate\Foundation\Bootstrap\HandleExceptions->handleShutdown()
#7 {main}
  thrown in C:\Users\joaob\OneDrive\Desktop\sisgep-job-main\vendor\laravel\framework\src\Illuminate\Collections\helpers.php on line 15
